#
# There is insufficient memory for the Java Runtime Environment to continue.
# Native memory allocation (malloc) failed to allocate 32744 bytes for ChunkPool::allocate
# Possible reasons:
#   The system is out of physical RAM or swap space
#   The process is running with CompressedOops enabled, and the Java Heap may be blocking the growth of the native heap
# Possible solutions:
#   Reduce memory load on the system
#   Increase physical memory or swap space
#   Check if swap backing store is full
#   Decrease Java heap size (-Xmx/-Xms)
#   Decrease number of Java threads
#   Decrease Java thread stack sizes (-Xss)
#   Set larger code cache with -XX:ReservedCodeCacheSize=
#   JVM is running with Unscaled Compressed Oops mode in which the Java heap is
#     placed in the first 4GB address space. The Java Heap base address is the
#     maximum limit for the native heap growth. Please use -XX:HeapBaseMinAddress
#     to set the Java Heap base and to place the Java Heap above 4GB virtual address.
# This output file may be truncated or incomplete.
#
#  Out of Memory Error (arena.cpp:78), pid=4368, tid=19284
#
# JRE version: OpenJDK Runtime Environment (17.0.1+12) (build 17.0.1+12-39)
# Java VM: OpenJDK 64-Bit Server VM (17.0.1+12-39, mixed mode, sharing, tiered, compressed oops, compressed class ptrs, g1 gc, windows-amd64)
# No core dump will be written. Minidumps are not enabled by default on client versions of Windows
#

---------------  S U M M A R Y ------------

Command Line: C:\Users\Daniel A\AppData\Local\Temp\surefire286489446578421728\surefirebooter-20240828161223739_3.jar C:\Users\Daniel A\AppData\Local\Temp\surefire286489446578421728 2024-08-28T16-12-23_486-jvmRun1 surefire-20240828161223739_1tmp surefire_0-20240828161223739_2tmp

Host: Intel(R) Core(TM) i5-10210U CPU @ 1.60GHz, 8 cores, 7G,  Windows 10 , 64 bit Build 22621 (10.0.22621.3958)
Time: Wed Aug 28 16:13:44 2024  Windows 10 , 64 bit Build 22621 (10.0.22621.3958) elapsed time: 80.519656 seconds (0d 0h 1m 20s)

---------------  T H R E A D  ---------------

Current thread (0x0000020272a8a4f0):  JavaThread "C2 CompilerThread1" daemon [_thread_in_native, id=19284, stack(0x000000823ff00000,0x0000008240000000)]


Current CompileTask:
C2:  80519 2794       4       java.lang.invoke.MethodType::makeImpl (109 bytes)

Stack: [0x000000823ff00000,0x0000008240000000]
Native frames: (J=compiled Java code, j=interpreted, Vv=VM code, C=native code)
V  [jvm.dll+0x66fa1a]
V  [jvm.dll+0x7ce5a4]
V  [jvm.dll+0x7cfd4e]
V  [jvm.dll+0x7d03b3]
V  [jvm.dll+0x242b05]
V  [jvm.dll+0xaa2a0]
V  [jvm.dll+0xaa5ec]
V  [jvm.dll+0x611f03]
V  [jvm.dll+0x35c1c0]
V  [jvm.dll+0x35cbe0]
V  [jvm.dll+0x2ce01b]
V  [jvm.dll+0x636561]
V  [jvm.dll+0x10f59c]
V  [jvm.dll+0x339f26]
V  [jvm.dll+0x68b4b6]
V  [jvm.dll+0x68a802]
V  [jvm.dll+0x685ce8]
V  [jvm.dll+0x67fddb]
V  [jvm.dll+0x67f417]
V  [jvm.dll+0x67d312]
V  [jvm.dll+0x1a483c]
V  [jvm.dll+0x1a5406]
V  [jvm.dll+0x2a8714]
V  [jvm.dll+0x687ddb]
V  [jvm.dll+0x67fddb]
V  [jvm.dll+0x67f417]
V  [jvm.dll+0x67d312]
V  [jvm.dll+0x1a483c]
V  [jvm.dll+0x1a5406]
V  [jvm.dll+0x2a8714]
V  [jvm.dll+0x687ddb]
V  [jvm.dll+0x67fddb]
V  [jvm.dll+0x67f417]
V  [jvm.dll+0x67d312]
V  [jvm.dll+0x1a483c]
V  [jvm.dll+0x1a5406]
V  [jvm.dll+0x2a8714]
V  [jvm.dll+0x687ddb]
V  [jvm.dll+0x67fddb]
V  [jvm.dll+0x67f417]
V  [jvm.dll+0x67d312]
V  [jvm.dll+0x1a483c]
V  [jvm.dll+0x1a5406]
V  [jvm.dll+0x2a8714]
V  [jvm.dll+0x687ddb]
V  [jvm.dll+0x67fddb]
V  [jvm.dll+0x67f417]
V  [jvm.dll+0x67d312]
V  [jvm.dll+0x1a483c]
V  [jvm.dll+0x2a8714]
V  [jvm.dll+0x687ddb]
V  [jvm.dll+0x67fddb]
V  [jvm.dll+0x67f417]
V  [jvm.dll+0x67d312]
V  [jvm.dll+0x1a483c]
V  [jvm.dll+0x2a8714]
V  [jvm.dll+0x687ddb]
V  [jvm.dll+0x67fddb]
V  [jvm.dll+0x67f417]
V  [jvm.dll+0x67d312]
V  [jvm.dll+0x1a483c]
V  [jvm.dll+0x2a8714]
V  [jvm.dll+0x687ddb]
V  [jvm.dll+0x67fddb]
V  [jvm.dll+0x67f417]
V  [jvm.dll+0x67d312]
V  [jvm.dll+0x1a483c]
V  [jvm.dll+0x214c18]
V  [jvm.dll+0x1a168d]
V  [jvm.dll+0x224848]
V  [jvm.dll+0x2229ac]
V  [jvm.dll+0x78435b]
V  [jvm.dll+0x77e91a]
V  [jvm.dll+0x66e845]
C  [ucrtbase.dll+0x29333]
C  [KERNEL32.DLL+0x1257d]
C  [ntdll.dll+0x5af28]


---------------  P R O C E S S  ---------------

Threads class SMR info:
_java_thread_list=0x0000020273fe91a0, length=20, elements={
0x0000020253ed21f0, 0x0000020271e96e80, 0x0000020271e97cf0, 0x0000020271eaf7a0,
0x0000020271eb0250, 0x0000020271eb0c00, 0x0000020271eb15b0, 0x0000020271eb3350,
0x0000020271ebf300, 0x0000020271ec3d10, 0x00000202729dd720, 0x0000020272a09c40,
0x0000020272c6cc10, 0x0000020272cfd570, 0x0000020273351ee0, 0x00000202734e7a10,
0x00000202731de820, 0x00000202729529f0, 0x0000020272952ec0, 0x0000020272a8a4f0
}

Java Threads: ( => current thread )
  0x0000020253ed21f0 JavaThread "main" [_thread_in_Java, id=19612, stack(0x0000008240200000,0x0000008240300000)]
  0x0000020271e96e80 JavaThread "Reference Handler" daemon [_thread_blocked, id=27688, stack(0x0000008240900000,0x0000008240a00000)]
  0x0000020271e97cf0 JavaThread "Finalizer" daemon [_thread_blocked, id=20128, stack(0x0000008240a00000,0x0000008240b00000)]
  0x0000020271eaf7a0 JavaThread "Signal Dispatcher" daemon [_thread_blocked, id=28540, stack(0x0000008240b00000,0x0000008240c00000)]
  0x0000020271eb0250 JavaThread "Attach Listener" daemon [_thread_blocked, id=6160, stack(0x0000008240c00000,0x0000008240d00000)]
  0x0000020271eb0c00 JavaThread "Service Thread" daemon [_thread_blocked, id=9676, stack(0x0000008240d00000,0x0000008240e00000)]
  0x0000020271eb15b0 JavaThread "Monitor Deflation Thread" daemon [_thread_blocked, id=1240, stack(0x0000008240e00000,0x0000008240f00000)]
  0x0000020271eb3350 JavaThread "C2 CompilerThread0" daemon [_thread_in_native, id=27540, stack(0x0000008240f00000,0x0000008241000000)]
  0x0000020271ebf300 JavaThread "C1 CompilerThread0" daemon [_thread_in_native, id=22172, stack(0x0000008241000000,0x0000008241100000)]
  0x0000020271ec3d10 JavaThread "Sweeper thread" daemon [_thread_blocked, id=10972, stack(0x0000008241100000,0x0000008241200000)]
  0x00000202729dd720 JavaThread "Notification Thread" daemon [_thread_blocked, id=4932, stack(0x0000008241200000,0x0000008241300000)]
  0x0000020272a09c40 JavaThread "Common-Cleaner" daemon [_thread_blocked, id=11040, stack(0x0000008241400000,0x0000008241500000)]
  0x0000020272c6cc10 JavaThread "surefire-forkedjvm-stream-flusher" daemon [_thread_blocked, id=6916, stack(0x0000008241500000,0x0000008241600000)]
  0x0000020272cfd570 JavaThread "surefire-forkedjvm-command-thread" daemon [_thread_in_native, id=9568, stack(0x0000008241600000,0x0000008241700000)]
  0x0000020273351ee0 JavaThread "ForkJoinPool.commonPool-worker-1" daemon [_thread_blocked, id=20140, stack(0x0000008241800000,0x0000008241900000)]
  0x00000202734e7a10 JavaThread "Thread-1" [_thread_in_native, id=23500, stack(0x0000008241700000,0x0000008241800000)]
  0x00000202731de820 JavaThread "Thread-2" [_thread_blocked, id=10872, stack(0x0000008242200000,0x0000008242300000)]
  0x00000202729529f0 JavaThread "Thread-3" [_thread_in_native, id=23952, stack(0x0000008242500000,0x0000008242600000)]
  0x0000020272952ec0 JavaThread "Thread-4" [_thread_blocked, id=21872, stack(0x0000008242600000,0x0000008242700000)]
=>0x0000020272a8a4f0 JavaThread "C2 CompilerThread1" daemon [_thread_in_native, id=19284, stack(0x000000823ff00000,0x0000008240000000)]

Other Threads:
  0x0000020271e91280 VMThread "VM Thread" [stack: 0x0000008240800000,0x0000008240900000] [id=28384]
  0x0000020253f78c40 WatcherThread [stack: 0x0000008241300000,0x0000008241400000] [id=9916]
  0x0000020253f13b30 GCTaskThread "GC Thread#0" [stack: 0x0000008240300000,0x0000008240400000] [id=1224]
  0x0000020273372c60 GCTaskThread "GC Thread#1" [stack: 0x0000008241a00000,0x0000008241b00000] [id=29372]
  0x00000202733b3c90 GCTaskThread "GC Thread#2" [stack: 0x0000008241b00000,0x0000008241c00000] [id=25660]
  0x00000202738635f0 GCTaskThread "GC Thread#3" [stack: 0x0000008241c00000,0x0000008241d00000] [id=7908]
  0x00000202738638a0 GCTaskThread "GC Thread#4" [stack: 0x0000008241d00000,0x0000008241e00000] [id=21184]
  0x0000020273863b50 GCTaskThread "GC Thread#5" [stack: 0x0000008241e00000,0x0000008241f00000] [id=24208]
  0x0000020273863e00 GCTaskThread "GC Thread#6" [stack: 0x0000008241f00000,0x0000008242000000] [id=27100]
  0x00000202738640b0 GCTaskThread "GC Thread#7" [stack: 0x0000008242000000,0x0000008242100000] [id=18524]
  0x0000020253f24570 ConcurrentGCThread "G1 Main Marker" [stack: 0x0000008240400000,0x0000008240500000] [id=8040]
  0x0000020253f24f80 ConcurrentGCThread "G1 Conc#0" [stack: 0x0000008240500000,0x0000008240600000] [id=18000]
  0x0000020271d530e0 ConcurrentGCThread "G1 Refine#0" [stack: 0x0000008240600000,0x0000008240700000] [id=13560]
  0x0000020272a7d250 ConcurrentGCThread "G1 Refine#1" [stack: 0x0000008242100000,0x0000008242200000] [id=3420]
  0x0000020271d53b00 ConcurrentGCThread "G1 Service" [stack: 0x0000008240700000,0x0000008240800000] [id=24896]

Threads with active compile tasks:
C2 CompilerThread0    80567 2820 %     4       java.util.regex.Pattern$Start::match @ 31 (90 bytes)
C1 CompilerThread0    80567 2824       3       java.util.regex.Matcher::appendExpandedReplacement (510 bytes)
C2 CompilerThread1    80567 2794       4       java.lang.invoke.MethodType::makeImpl (109 bytes)

VM state: not at safepoint (normal execution)

VM Mutex/Monitor currently owned by a thread: None

Heap address: 0x0000000082800000, size: 2008 MB, Compressed Oops mode: 32-bit

CDS archive(s) mapped at: [0x0000000800000000-0x0000000800bc0000-0x0000000800bc0000), size 12320768, SharedBaseAddress: 0x0000000800000000, ArchiveRelocationMode: 0.
Compressed class space mapped at: 0x0000000800c00000-0x0000000840c00000, reserved size: 1073741824
Narrow klass base: 0x0000000800000000, Narrow klass shift: 0, Narrow klass range: 0x100000000

GC Precious Log:
 CPUs: 8 total, 8 available
 Memory: 8025M
 Large Page Support: Disabled
 NUMA Support: Disabled
 Compressed Oops: Enabled (32-bit)
 Heap Region Size: 1M
 Heap Min Capacity: 8M
 Heap Initial Capacity: 126M
 Heap Max Capacity: 2008M
 Pre-touch: Disabled
 Parallel Workers: 8
 Concurrent Workers: 2
 Concurrent Refinement Workers: 8
 Periodic GC: Disabled

Heap:
 garbage-first heap   total 129024K, used 43836K [0x0000000082800000, 0x0000000100000000)
  region size 1024K, 40 young (40960K), 2 survivors (2048K)
 Metaspace       used 18482K, committed 18752K, reserved 1073152K
  class space    used 2165K, committed 2304K, reserved 1048576K

Heap Regions: E=young(eden), S=young(survivor), O=old, HS=humongous(starts), HC=humongous(continues), CS=collection set, F=free, OA=open archive, CA=closed archive, TAMS=top-at-mark-start (previous, next)
|   0|0x0000000082800000, 0x0000000082900000, 0x0000000082900000|100%| O|  |TAMS 0x0000000082800000, 0x0000000082800000| Untracked 
|   1|0x0000000082900000, 0x0000000082a00000, 0x0000000082a00000|100%| O|  |TAMS 0x0000000082900000, 0x0000000082900000| Untracked 
|   2|0x0000000082a00000, 0x0000000082b00000, 0x0000000082b00000|100%| O|  |TAMS 0x0000000082a00000, 0x0000000082a00000| Untracked 
|   3|0x0000000082b00000, 0x0000000082c00000, 0x0000000082c00000|100%| O|  |TAMS 0x0000000082b00000, 0x0000000082b00000| Untracked 
|   4|0x0000000082c00000, 0x0000000082d00000, 0x0000000082d00000|100%| O|  |TAMS 0x0000000082c00000, 0x0000000082c00000| Untracked 
|   5|0x0000000082d00000, 0x0000000082d42400, 0x0000000082e00000| 25%| O|  |TAMS 0x0000000082d00000, 0x0000000082d00000| Untracked 
|   6|0x0000000082e00000, 0x0000000082e00000, 0x0000000082f00000|  0%| F|  |TAMS 0x0000000082e00000, 0x0000000082e00000| Untracked 
|   7|0x0000000082f00000, 0x0000000082f00000, 0x0000000083000000|  0%| F|  |TAMS 0x0000000082f00000, 0x0000000082f00000| Untracked 
|   8|0x0000000083000000, 0x0000000083000000, 0x0000000083100000|  0%| F|  |TAMS 0x0000000083000000, 0x0000000083000000| Untracked 
|   9|0x0000000083100000, 0x0000000083100000, 0x0000000083200000|  0%| F|  |TAMS 0x0000000083100000, 0x0000000083100000| Untracked 
|  10|0x0000000083200000, 0x0000000083200000, 0x0000000083300000|  0%| F|  |TAMS 0x0000000083200000, 0x0000000083200000| Untracked 
|  11|0x0000000083300000, 0x0000000083300000, 0x0000000083400000|  0%| F|  |TAMS 0x0000000083300000, 0x0000000083300000| Untracked 
|  12|0x0000000083400000, 0x0000000083400000, 0x0000000083500000|  0%| F|  |TAMS 0x0000000083400000, 0x0000000083400000| Untracked 
|  13|0x0000000083500000, 0x0000000083500000, 0x0000000083600000|  0%| F|  |TAMS 0x0000000083500000, 0x0000000083500000| Untracked 
|  14|0x0000000083600000, 0x0000000083600000, 0x0000000083700000|  0%| F|  |TAMS 0x0000000083600000, 0x0000000083600000| Untracked 
|  15|0x0000000083700000, 0x0000000083700000, 0x0000000083800000|  0%| F|  |TAMS 0x0000000083700000, 0x0000000083700000| Untracked 
|  16|0x0000000083800000, 0x0000000083800000, 0x0000000083900000|  0%| F|  |TAMS 0x0000000083800000, 0x0000000083800000| Untracked 
|  17|0x0000000083900000, 0x0000000083900000, 0x0000000083a00000|  0%| F|  |TAMS 0x0000000083900000, 0x0000000083900000| Untracked 
|  18|0x0000000083a00000, 0x0000000083a00000, 0x0000000083b00000|  0%| F|  |TAMS 0x0000000083a00000, 0x0000000083a00000| Untracked 
|  19|0x0000000083b00000, 0x0000000083b00000, 0x0000000083c00000|  0%| F|  |TAMS 0x0000000083b00000, 0x0000000083b00000| Untracked 
|  20|0x0000000083c00000, 0x0000000083c00000, 0x0000000083d00000|  0%| F|  |TAMS 0x0000000083c00000, 0x0000000083c00000| Untracked 
|  21|0x0000000083d00000, 0x0000000083d00000, 0x0000000083e00000|  0%| F|  |TAMS 0x0000000083d00000, 0x0000000083d00000| Untracked 
|  22|0x0000000083e00000, 0x0000000083e00000, 0x0000000083f00000|  0%| F|  |TAMS 0x0000000083e00000, 0x0000000083e00000| Untracked 
|  23|0x0000000083f00000, 0x0000000083f00000, 0x0000000084000000|  0%| F|  |TAMS 0x0000000083f00000, 0x0000000083f00000| Untracked 
|  24|0x0000000084000000, 0x0000000084000000, 0x0000000084100000|  0%| F|  |TAMS 0x0000000084000000, 0x0000000084000000| Untracked 
|  25|0x0000000084100000, 0x0000000084100000, 0x0000000084200000|  0%| F|  |TAMS 0x0000000084100000, 0x0000000084100000| Untracked 
|  26|0x0000000084200000, 0x0000000084200000, 0x0000000084300000|  0%| F|  |TAMS 0x0000000084200000, 0x0000000084200000| Untracked 
|  27|0x0000000084300000, 0x0000000084300000, 0x0000000084400000|  0%| F|  |TAMS 0x0000000084300000, 0x0000000084300000| Untracked 
|  28|0x0000000084400000, 0x0000000084400000, 0x0000000084500000|  0%| F|  |TAMS 0x0000000084400000, 0x0000000084400000| Untracked 
|  29|0x0000000084500000, 0x0000000084500000, 0x0000000084600000|  0%| F|  |TAMS 0x0000000084500000, 0x0000000084500000| Untracked 
|  30|0x0000000084600000, 0x0000000084600000, 0x0000000084700000|  0%| F|  |TAMS 0x0000000084600000, 0x0000000084600000| Untracked 
|  31|0x0000000084700000, 0x0000000084700000, 0x0000000084800000|  0%| F|  |TAMS 0x0000000084700000, 0x0000000084700000| Untracked 
|  32|0x0000000084800000, 0x0000000084800000, 0x0000000084900000|  0%| F|  |TAMS 0x0000000084800000, 0x0000000084800000| Untracked 
|  33|0x0000000084900000, 0x0000000084900000, 0x0000000084a00000|  0%| F|  |TAMS 0x0000000084900000, 0x0000000084900000| Untracked 
|  34|0x0000000084a00000, 0x0000000084a00000, 0x0000000084b00000|  0%| F|  |TAMS 0x0000000084a00000, 0x0000000084a00000| Untracked 
|  35|0x0000000084b00000, 0x0000000084b00000, 0x0000000084c00000|  0%| F|  |TAMS 0x0000000084b00000, 0x0000000084b00000| Untracked 
|  36|0x0000000084c00000, 0x0000000084c00000, 0x0000000084d00000|  0%| F|  |TAMS 0x0000000084c00000, 0x0000000084c00000| Untracked 
|  37|0x0000000084d00000, 0x0000000084d00000, 0x0000000084e00000|  0%| F|  |TAMS 0x0000000084d00000, 0x0000000084d00000| Untracked 
|  38|0x0000000084e00000, 0x0000000084e00000, 0x0000000084f00000|  0%| F|  |TAMS 0x0000000084e00000, 0x0000000084e00000| Untracked 
|  39|0x0000000084f00000, 0x0000000084f00000, 0x0000000085000000|  0%| F|  |TAMS 0x0000000084f00000, 0x0000000084f00000| Untracked 
|  40|0x0000000085000000, 0x0000000085000000, 0x0000000085100000|  0%| F|  |TAMS 0x0000000085000000, 0x0000000085000000| Untracked 
|  41|0x0000000085100000, 0x0000000085100000, 0x0000000085200000|  0%| F|  |TAMS 0x0000000085100000, 0x0000000085100000| Untracked 
|  42|0x0000000085200000, 0x0000000085200000, 0x0000000085300000|  0%| F|  |TAMS 0x0000000085200000, 0x0000000085200000| Untracked 
|  43|0x0000000085300000, 0x0000000085300000, 0x0000000085400000|  0%| F|  |TAMS 0x0000000085300000, 0x0000000085300000| Untracked 
|  44|0x0000000085400000, 0x0000000085400000, 0x0000000085500000|  0%| F|  |TAMS 0x0000000085400000, 0x0000000085400000| Untracked 
|  45|0x0000000085500000, 0x0000000085500000, 0x0000000085600000|  0%| F|  |TAMS 0x0000000085500000, 0x0000000085500000| Untracked 
|  46|0x0000000085600000, 0x0000000085600000, 0x0000000085700000|  0%| F|  |TAMS 0x0000000085600000, 0x0000000085600000| Untracked 
|  47|0x0000000085700000, 0x0000000085700000, 0x0000000085800000|  0%| F|  |TAMS 0x0000000085700000, 0x0000000085700000| Untracked 
|  48|0x0000000085800000, 0x0000000085800000, 0x0000000085900000|  0%| F|  |TAMS 0x0000000085800000, 0x0000000085800000| Untracked 
|  49|0x0000000085900000, 0x0000000085900000, 0x0000000085a00000|  0%| F|  |TAMS 0x0000000085900000, 0x0000000085900000| Untracked 
|  50|0x0000000085a00000, 0x0000000085a00000, 0x0000000085b00000|  0%| F|  |TAMS 0x0000000085a00000, 0x0000000085a00000| Untracked 
|  51|0x0000000085b00000, 0x0000000085b00000, 0x0000000085c00000|  0%| F|  |TAMS 0x0000000085b00000, 0x0000000085b00000| Untracked 
|  52|0x0000000085c00000, 0x0000000085c00000, 0x0000000085d00000|  0%| F|  |TAMS 0x0000000085c00000, 0x0000000085c00000| Untracked 
|  53|0x0000000085d00000, 0x0000000085d00000, 0x0000000085e00000|  0%| F|  |TAMS 0x0000000085d00000, 0x0000000085d00000| Untracked 
|  54|0x0000000085e00000, 0x0000000085e00000, 0x0000000085f00000|  0%| F|  |TAMS 0x0000000085e00000, 0x0000000085e00000| Untracked 
|  55|0x0000000085f00000, 0x0000000085f00000, 0x0000000086000000|  0%| F|  |TAMS 0x0000000085f00000, 0x0000000085f00000| Untracked 
|  56|0x0000000086000000, 0x0000000086000000, 0x0000000086100000|  0%| F|  |TAMS 0x0000000086000000, 0x0000000086000000| Untracked 
|  57|0x0000000086100000, 0x0000000086100000, 0x0000000086200000|  0%| F|  |TAMS 0x0000000086100000, 0x0000000086100000| Untracked 
|  58|0x0000000086200000, 0x0000000086200000, 0x0000000086300000|  0%| F|  |TAMS 0x0000000086200000, 0x0000000086200000| Untracked 
|  59|0x0000000086300000, 0x0000000086300000, 0x0000000086400000|  0%| F|  |TAMS 0x0000000086300000, 0x0000000086300000| Untracked 
|  60|0x0000000086400000, 0x0000000086400000, 0x0000000086500000|  0%| F|  |TAMS 0x0000000086400000, 0x0000000086400000| Untracked 
|  61|0x0000000086500000, 0x0000000086500000, 0x0000000086600000|  0%| F|  |TAMS 0x0000000086500000, 0x0000000086500000| Untracked 
|  62|0x0000000086600000, 0x0000000086600000, 0x0000000086700000|  0%| F|  |TAMS 0x0000000086600000, 0x0000000086600000| Untracked 
|  63|0x0000000086700000, 0x0000000086700000, 0x0000000086800000|  0%| F|  |TAMS 0x0000000086700000, 0x0000000086700000| Untracked 
|  64|0x0000000086800000, 0x0000000086800000, 0x0000000086900000|  0%| F|  |TAMS 0x0000000086800000, 0x0000000086800000| Untracked 
|  65|0x0000000086900000, 0x0000000086900000, 0x0000000086a00000|  0%| F|  |TAMS 0x0000000086900000, 0x0000000086900000| Untracked 
|  66|0x0000000086a00000, 0x0000000086a00000, 0x0000000086b00000|  0%| F|  |TAMS 0x0000000086a00000, 0x0000000086a00000| Untracked 
|  67|0x0000000086b00000, 0x0000000086b00000, 0x0000000086c00000|  0%| F|  |TAMS 0x0000000086b00000, 0x0000000086b00000| Untracked 
|  68|0x0000000086c00000, 0x0000000086c00000, 0x0000000086d00000|  0%| F|  |TAMS 0x0000000086c00000, 0x0000000086c00000| Untracked 
|  69|0x0000000086d00000, 0x0000000086d00000, 0x0000000086e00000|  0%| F|  |TAMS 0x0000000086d00000, 0x0000000086d00000| Untracked 
|  70|0x0000000086e00000, 0x0000000086e00000, 0x0000000086f00000|  0%| F|  |TAMS 0x0000000086e00000, 0x0000000086e00000| Untracked 
|  71|0x0000000086f00000, 0x0000000086f00000, 0x0000000087000000|  0%| F|  |TAMS 0x0000000086f00000, 0x0000000086f00000| Untracked 
|  72|0x0000000087000000, 0x0000000087000000, 0x0000000087100000|  0%| F|  |TAMS 0x0000000087000000, 0x0000000087000000| Untracked 
|  73|0x0000000087100000, 0x0000000087100000, 0x0000000087200000|  0%| F|  |TAMS 0x0000000087100000, 0x0000000087100000| Untracked 
|  74|0x0000000087200000, 0x0000000087200000, 0x0000000087300000|  0%| F|  |TAMS 0x0000000087200000, 0x0000000087200000| Untracked 
|  75|0x0000000087300000, 0x0000000087300000, 0x0000000087400000|  0%| F|  |TAMS 0x0000000087300000, 0x0000000087300000| Untracked 
|  76|0x0000000087400000, 0x0000000087400000, 0x0000000087500000|  0%| F|  |TAMS 0x0000000087400000, 0x0000000087400000| Untracked 
|  77|0x0000000087500000, 0x0000000087500000, 0x0000000087600000|  0%| F|  |TAMS 0x0000000087500000, 0x0000000087500000| Untracked 
|  78|0x0000000087600000, 0x0000000087600000, 0x0000000087700000|  0%| F|  |TAMS 0x0000000087600000, 0x0000000087600000| Untracked 
|  79|0x0000000087700000, 0x0000000087700000, 0x0000000087800000|  0%| F|  |TAMS 0x0000000087700000, 0x0000000087700000| Untracked 
|  80|0x0000000087800000, 0x0000000087800000, 0x0000000087900000|  0%| F|  |TAMS 0x0000000087800000, 0x0000000087800000| Untracked 
|  81|0x0000000087900000, 0x0000000087900000, 0x0000000087a00000|  0%| F|  |TAMS 0x0000000087900000, 0x0000000087900000| Untracked 
|  82|0x0000000087a00000, 0x0000000087a00000, 0x0000000087b00000|  0%| F|  |TAMS 0x0000000087a00000, 0x0000000087a00000| Untracked 
|  83|0x0000000087b00000, 0x0000000087b00000, 0x0000000087c00000|  0%| F|  |TAMS 0x0000000087b00000, 0x0000000087b00000| Untracked 
|  84|0x0000000087c00000, 0x0000000087c00000, 0x0000000087d00000|  0%| F|  |TAMS 0x0000000087c00000, 0x0000000087c00000| Untracked 
|  85|0x0000000087d00000, 0x0000000087d00000, 0x0000000087e00000|  0%| F|  |TAMS 0x0000000087d00000, 0x0000000087d00000| Untracked 
|  86|0x0000000087e00000, 0x0000000087f00000, 0x0000000087f00000|100%| E|  |TAMS 0x0000000087e00000, 0x0000000087e00000| Complete 
|  87|0x0000000087f00000, 0x0000000088000000, 0x0000000088000000|100%| E|CS|TAMS 0x0000000087f00000, 0x0000000087f00000| Complete 
|  88|0x0000000088000000, 0x0000000088100000, 0x0000000088100000|100%| E|CS|TAMS 0x0000000088000000, 0x0000000088000000| Complete 
|  89|0x0000000088100000, 0x0000000088200000, 0x0000000088200000|100%| E|CS|TAMS 0x0000000088100000, 0x0000000088100000| Complete 
|  90|0x0000000088200000, 0x0000000088300000, 0x0000000088300000|100%| E|  |TAMS 0x0000000088200000, 0x0000000088200000| Complete 
|  91|0x0000000088300000, 0x0000000088400000, 0x0000000088400000|100%| E|CS|TAMS 0x0000000088300000, 0x0000000088300000| Complete 
|  92|0x0000000088400000, 0x0000000088500000, 0x0000000088500000|100%| E|CS|TAMS 0x0000000088400000, 0x0000000088400000| Complete 
|  93|0x0000000088500000, 0x0000000088600000, 0x0000000088600000|100%| E|CS|TAMS 0x0000000088500000, 0x0000000088500000| Complete 
|  94|0x0000000088600000, 0x0000000088700000, 0x0000000088700000|100%| E|CS|TAMS 0x0000000088600000, 0x0000000088600000| Complete 
|  95|0x0000000088700000, 0x0000000088800000, 0x0000000088800000|100%| E|CS|TAMS 0x0000000088700000, 0x0000000088700000| Complete 
|  96|0x0000000088800000, 0x000000008888cde8, 0x0000000088900000| 55%| S|CS|TAMS 0x0000000088800000, 0x0000000088800000| Complete 
|  97|0x0000000088900000, 0x0000000088a00000, 0x0000000088a00000|100%| S|CS|TAMS 0x0000000088900000, 0x0000000088900000| Complete 
|  98|0x0000000088a00000, 0x0000000088b00000, 0x0000000088b00000|100%| E|CS|TAMS 0x0000000088a00000, 0x0000000088a00000| Complete 
|  99|0x0000000088b00000, 0x0000000088c00000, 0x0000000088c00000|100%| E|CS|TAMS 0x0000000088b00000, 0x0000000088b00000| Complete 
| 100|0x0000000088c00000, 0x0000000088d00000, 0x0000000088d00000|100%| E|CS|TAMS 0x0000000088c00000, 0x0000000088c00000| Complete 
| 101|0x0000000088d00000, 0x0000000088e00000, 0x0000000088e00000|100%| E|CS|TAMS 0x0000000088d00000, 0x0000000088d00000| Complete 
| 102|0x0000000088e00000, 0x0000000088f00000, 0x0000000088f00000|100%| E|CS|TAMS 0x0000000088e00000, 0x0000000088e00000| Complete 
| 103|0x0000000088f00000, 0x0000000089000000, 0x0000000089000000|100%| E|CS|TAMS 0x0000000088f00000, 0x0000000088f00000| Complete 
| 104|0x0000000089000000, 0x0000000089100000, 0x0000000089100000|100%| E|CS|TAMS 0x0000000089000000, 0x0000000089000000| Complete 
| 105|0x0000000089100000, 0x0000000089200000, 0x0000000089200000|100%| E|CS|TAMS 0x0000000089100000, 0x0000000089100000| Complete 
| 106|0x0000000089200000, 0x0000000089300000, 0x0000000089300000|100%| E|CS|TAMS 0x0000000089200000, 0x0000000089200000| Complete 
| 107|0x0000000089300000, 0x0000000089400000, 0x0000000089400000|100%| E|CS|TAMS 0x0000000089300000, 0x0000000089300000| Complete 
| 108|0x0000000089400000, 0x0000000089500000, 0x0000000089500000|100%| E|CS|TAMS 0x0000000089400000, 0x0000000089400000| Complete 
| 109|0x0000000089500000, 0x0000000089600000, 0x0000000089600000|100%| E|CS|TAMS 0x0000000089500000, 0x0000000089500000| Complete 
| 110|0x0000000089600000, 0x0000000089700000, 0x0000000089700000|100%| E|CS|TAMS 0x0000000089600000, 0x0000000089600000| Complete 
| 111|0x0000000089700000, 0x0000000089800000, 0x0000000089800000|100%| E|CS|TAMS 0x0000000089700000, 0x0000000089700000| Complete 
| 112|0x0000000089800000, 0x0000000089900000, 0x0000000089900000|100%| E|CS|TAMS 0x0000000089800000, 0x0000000089800000| Complete 
| 113|0x0000000089900000, 0x0000000089a00000, 0x0000000089a00000|100%| E|CS|TAMS 0x0000000089900000, 0x0000000089900000| Complete 
| 114|0x0000000089a00000, 0x0000000089b00000, 0x0000000089b00000|100%| E|CS|TAMS 0x0000000089a00000, 0x0000000089a00000| Complete 
| 115|0x0000000089b00000, 0x0000000089c00000, 0x0000000089c00000|100%| E|CS|TAMS 0x0000000089b00000, 0x0000000089b00000| Complete 
| 116|0x0000000089c00000, 0x0000000089d00000, 0x0000000089d00000|100%| E|CS|TAMS 0x0000000089c00000, 0x0000000089c00000| Complete 
| 117|0x0000000089d00000, 0x0000000089e00000, 0x0000000089e00000|100%| E|CS|TAMS 0x0000000089d00000, 0x0000000089d00000| Complete 
| 118|0x0000000089e00000, 0x0000000089f00000, 0x0000000089f00000|100%| E|CS|TAMS 0x0000000089e00000, 0x0000000089e00000| Complete 
| 119|0x0000000089f00000, 0x000000008a000000, 0x000000008a000000|100%| E|CS|TAMS 0x0000000089f00000, 0x0000000089f00000| Complete 
| 120|0x000000008a000000, 0x000000008a100000, 0x000000008a100000|100%| E|CS|TAMS 0x000000008a000000, 0x000000008a000000| Complete 
| 121|0x000000008a100000, 0x000000008a200000, 0x000000008a200000|100%| E|CS|TAMS 0x000000008a100000, 0x000000008a100000| Complete 
| 122|0x000000008a200000, 0x000000008a300000, 0x000000008a300000|100%| E|CS|TAMS 0x000000008a200000, 0x000000008a200000| Complete 
| 123|0x000000008a300000, 0x000000008a400000, 0x000000008a400000|100%| E|CS|TAMS 0x000000008a300000, 0x000000008a300000| Complete 
| 124|0x000000008a400000, 0x000000008a500000, 0x000000008a500000|100%| E|CS|TAMS 0x000000008a400000, 0x000000008a400000| Complete 
| 125|0x000000008a500000, 0x000000008a600000, 0x000000008a600000|100%| E|CS|TAMS 0x000000008a500000, 0x000000008a500000| Complete 

Card table byte_map: [0x000002026adf0000,0x000002026b1e0000] _byte_map_base: 0x000002026a9dc000

Marking Bits (Prev, Next): (CMBitMap*) 0x0000020253f14140, (CMBitMap*) 0x0000020253f14180
 Prev Bits: [0x000002026b5d0000, 0x000002026d530000)
 Next Bits: [0x000002026d530000, 0x000002026f490000)

Polling page: 0x0000020251ed0000

Metaspace:

Usage:
  Non-class:     15.93 MB used.
      Class:      2.11 MB used.
       Both:     18.05 MB used.

Virtual space:
  Non-class space:       24.00 MB reserved,      16.06 MB ( 67%) committed,  3 nodes.
      Class space:        1.00 GB reserved,       2.25 MB ( <1%) committed,  1 nodes.
             Both:        1.02 GB reserved,      18.31 MB (  2%) committed. 

Chunk freelists:
   Non-Class:  3.33 MB
       Class:  1.64 MB
        Both:  4.96 MB

MaxMetaspaceSize: unlimited
CompressedClassSpaceSize: 1.00 GB
Initial GC threshold: 21.00 MB
Current GC threshold: 21.00 MB
CDS: on
MetaspaceReclaimPolicy: balanced
 - commit_granule_bytes: 65536.
 - commit_granule_words: 8192.
 - virtual_space_node_default_size: 1048576.
 - enlarge_chunks_in_place: 1.
 - new_chunks_are_fully_committed: 0.
 - uncommit_free_chunks: 1.
 - use_allocation_guard: 0.
 - handle_deallocations: 1.


Internal statistics:

num_allocs_failed_limit: 0.
num_arena_births: 300.
num_arena_deaths: 0.
num_vsnodes_births: 4.
num_vsnodes_deaths: 0.
num_space_committed: 293.
num_space_uncommitted: 0.
num_chunks_returned_to_freelist: 0.
num_chunks_taken_from_freelist: 861.
num_chunk_merges: 0.
num_chunk_splits: 585.
num_chunks_enlarged: 421.
num_purges: 0.
num_inconsistent_stats: 0.

CodeHeap 'non-profiled nmethods': size=120000Kb used=1233Kb max_used=1233Kb free=118766Kb
 bounds [0x0000020263190000, 0x0000020263400000, 0x000002026a6c0000]
CodeHeap 'profiled nmethods': size=120000Kb used=5544Kb max_used=5544Kb free=114455Kb
 bounds [0x000002025bc60000, 0x000002025c1d0000, 0x0000020263190000]
CodeHeap 'non-nmethods': size=5760Kb used=1210Kb max_used=1259Kb free=4549Kb
 bounds [0x000002025b6c0000, 0x000002025b930000, 0x000002025bc60000]
 total_blobs=3336 nmethods=2822 adapters=426
 compilation: enabled
              stopped_count=0, restarted_count=0
 full_count=0

Compilation events (20 events):
Event: 80.485 Thread 0x0000020271eb3350 nmethod 2775 0x00000202632bb490 code [0x00000202632bb660, 0x00000202632bbcb0]
Event: 80.486 Thread 0x0000020271eb3350 2780 %     4       java.lang.String::encodeUTF8_UTF16 @ 18 (368 bytes)
Event: 80.486 Thread 0x0000020271ebf300 2786       3       java.lang.invoke.MethodHandleNatives::linkCallSiteImpl (44 bytes)
Event: 80.487 Thread 0x0000020271ebf300 nmethod 2786 0x000002025c1a4790 code [0x000002025c1a49c0, 0x000002025c1a52f8]
Event: 80.487 Thread 0x0000020271ebf300 2787   !   3       java.lang.invoke.CallSite::makeSite (91 bytes)
Event: 80.488 Thread 0x0000020272a8a4f0 nmethod 2785 0x00000202632bc090 code [0x00000202632bc260, 0x00000202632bcbb8]
Event: 80.488 Thread 0x0000020272a8a4f0 2790       4       java.lang.invoke.MethodTypeForm::canonicalize (74 bytes)
Event: 80.488 Thread 0x0000020271ebf300 nmethod 2787 0x000002025c1a5690 code [0x000002025c1a59c0, 0x000002025c1a6ab8]
Event: 80.488 Thread 0x0000020271ebf300 2791       3       java.lang.invoke.BootstrapMethodInvoker::widenAndCast (47 bytes)
Event: 80.489 Thread 0x0000020272a8a4f0 nmethod 2790 0x00000202632bd490 code [0x00000202632bd600, 0x00000202632bd6b8]
Event: 80.489 Thread 0x0000020271ebf300 nmethod 2791 0x000002025c1a7690 code [0x000002025c1a7900, 0x000002025c1a8298]
Event: 80.489 Thread 0x0000020271ebf300 2788   !   3       java.lang.invoke.BootstrapMethodInvoker::invoke (974 bytes)
Event: 80.494 Thread 0x0000020271ebf300 nmethod 2788 0x000002025c1a8590 code [0x000002025c1a8e20, 0x000002025c1b04b8]
Event: 80.494 Thread 0x0000020271ebf300 2793       3       java.lang.invoke.LambdaFormEditor::getInCache (165 bytes)
Event: 80.494 Thread 0x0000020271ebf300 nmethod 2793 0x000002025c1b3910 code [0x000002025c1b3b80, 0x000002025c1b4af8]
Event: 80.494 Thread 0x0000020271ebf300 2789       3       java.lang.invoke.MethodHandleNatives::staticArgumentsPulled (5 bytes)
Event: 80.494 Thread 0x0000020271ebf300 nmethod 2789 0x000002025c1b4e90 code [0x000002025c1b5020, 0x000002025c1b5218]
Event: 80.498 Thread 0x0000020271eb3350 nmethod 2780% 0x00000202632bd790 code [0x00000202632bd960, 0x00000202632be380]
Event: 80.508 Thread 0x0000020272a8a4f0 2794       4       java.lang.invoke.MethodType::makeImpl (109 bytes)
Event: 80.508 Thread 0x0000020271eb3350 2795       4       java.lang.invoke.MethodType$ConcurrentWeakInternSet::get (47 bytes)

GC Heap History (4 events):
Event: 1.203 GC heap before
{Heap before GC invocations=0 (full 0):
 garbage-first heap   total 129024K, used 22528K [0x0000000082800000, 0x0000000100000000)
  region size 1024K, 23 young (23552K), 0 survivors (0K)
 Metaspace       used 7110K, committed 7296K, reserved 1056768K
  class space    used 808K, committed 896K, reserved 1048576K
}
Event: 1.208 GC heap after
{Heap after GC invocations=1 (full 0):
 garbage-first heap   total 129024K, used 5248K [0x0000000082800000, 0x0000000100000000)
  region size 1024K, 3 young (3072K), 3 survivors (3072K)
 Metaspace       used 7110K, committed 7296K, reserved 1056768K
  class space    used 808K, committed 896K, reserved 1048576K
}
Event: 2.459 GC heap before
{Heap before GC invocations=1 (full 0):
 garbage-first heap   total 129024K, used 30848K [0x0000000082800000, 0x0000000100000000)
  region size 1024K, 28 young (28672K), 3 survivors (3072K)
 Metaspace       used 12371K, committed 12672K, reserved 1064960K
  class space    used 1383K, committed 1536K, reserved 1048576K
}
Event: 2.463 GC heap after
{Heap after GC invocations=2 (full 0):
 garbage-first heap   total 129024K, used 6972K [0x0000000082800000, 0x0000000100000000)
  region size 1024K, 2 young (2048K), 2 survivors (2048K)
 Metaspace       used 12371K, committed 12672K, reserved 1064960K
  class space    used 1383K, committed 1536K, reserved 1048576K
}

Deoptimization events (20 events):
Event: 80.454 Thread 0x0000020253ed21f0 DEOPT PACKING pc=0x00000202632b5cbc sp=0x00000082402fe0b0
Event: 80.454 Thread 0x0000020253ed21f0 DEOPT UNPACKING pc=0x000002025b7123a3 sp=0x00000082402fdfd0 mode 2
Event: 80.454 Thread 0x0000020253ed21f0 Uncommon trap: trap_request=0xffffffbe fr.pc=0x00000202632b5cbc relative=0x00000000000007fc
Event: 80.454 Thread 0x0000020253ed21f0 Uncommon trap: reason=profile_predicate action=maybe_recompile pc=0x00000202632b5cbc method=java.lang.StringUTF16.putCharsSB([BILjava/lang/CharSequence;II)V @ 18 c2
Event: 80.454 Thread 0x0000020253ed21f0 DEOPT PACKING pc=0x00000202632b5cbc sp=0x00000082402fe0b0
Event: 80.454 Thread 0x0000020253ed21f0 DEOPT UNPACKING pc=0x000002025b7123a3 sp=0x00000082402fdfd0 mode 2
Event: 80.454 Thread 0x0000020253ed21f0 Uncommon trap: trap_request=0xffffffbe fr.pc=0x00000202632b5cbc relative=0x00000000000007fc
Event: 80.454 Thread 0x0000020253ed21f0 Uncommon trap: reason=profile_predicate action=maybe_recompile pc=0x00000202632b5cbc method=java.lang.StringUTF16.putCharsSB([BILjava/lang/CharSequence;II)V @ 18 c2
Event: 80.454 Thread 0x0000020253ed21f0 DEOPT PACKING pc=0x00000202632b5cbc sp=0x00000082402fe0b0
Event: 80.454 Thread 0x0000020253ed21f0 DEOPT UNPACKING pc=0x000002025b7123a3 sp=0x00000082402fdfd0 mode 2
Event: 80.454 Thread 0x0000020253ed21f0 DEOPT PACKING pc=0x000002025c190596 sp=0x00000082402fe070
Event: 80.454 Thread 0x0000020253ed21f0 DEOPT UNPACKING pc=0x000002025b712b43 sp=0x00000082402fd558 mode 0
Event: 80.454 Thread 0x0000020253ed21f0 DEOPT PACKING pc=0x000002025c190596 sp=0x00000082402fe1a0
Event: 80.454 Thread 0x0000020253ed21f0 DEOPT UNPACKING pc=0x000002025b712b43 sp=0x00000082402fd688 mode 0
Event: 80.454 Thread 0x0000020253ed21f0 DEOPT PACKING pc=0x000002025c190596 sp=0x00000082402fe340
Event: 80.454 Thread 0x0000020253ed21f0 DEOPT UNPACKING pc=0x000002025b712b43 sp=0x00000082402fd828 mode 0
Event: 80.461 Thread 0x0000020253ed21f0 DEOPT PACKING pc=0x000002025c18c5d6 sp=0x00000082402fdc10
Event: 80.461 Thread 0x0000020253ed21f0 DEOPT UNPACKING pc=0x000002025b712b43 sp=0x00000082402fd110 mode 0
Event: 80.474 Thread 0x0000020253ed21f0 DEOPT PACKING pc=0x000002025c1825b2 sp=0x00000082402fdeb0
Event: 80.474 Thread 0x0000020253ed21f0 DEOPT UNPACKING pc=0x000002025b712b43 sp=0x00000082402fd3a0 mode 0

Classes unloaded (0 events):
No events

Classes redefined (0 events):
No events

Internal exceptions (20 events):
Event: 27.546 Thread 0x0000020253ed21f0 Exception <a 'sun/nio/fs/WindowsException'{0x00000000894f8a50}> (0x00000000894f8a50) 
thrown [t:\workspace\open\src\hotspot\share\prims\jni.cpp, line 516]
Event: 29.105 Thread 0x0000020253ed21f0 Exception <a 'java/lang/IncompatibleClassChangeError'{0x0000000088e8ab98}: Found class java.lang.Object, but interface was expected> (0x0000000088e8ab98) 
thrown [t:\workspace\open\src\hotspot\share\interpreter\linkResolver.cpp, line 833]
Event: 31.160 Thread 0x0000020253ed21f0 Exception <a 'java/lang/NoSuchMethodError'{0x0000000088ec6090}: 'void java.lang.invoke.DirectMethodHandle$Holder.invokeSpecial(java.lang.Object, java.lang.Object, double)'> (0x0000000088ec6090) 
thrown [t:\workspace\open\src\hotspot\share\interpreter\linkResolver.cpp, line 766]
Event: 31.162 Thread 0x0000020253ed21f0 Exception <a 'java/lang/NoSuchMethodError'{0x0000000088ecc5f8}: 'java.lang.Object java.lang.invoke.DirectMethodHandle$Holder.newInvokeSpecial(java.lang.Object, java.lang.Object, double)'> (0x0000000088ecc5f8) 
thrown [t:\workspace\open\src\hotspot\share\interpreter\linkResolver.cpp, line 766]
Event: 31.162 Thread 0x0000020253ed21f0 Exception <a 'java/lang/NoSuchMethodError'{0x0000000088ed0768}: 'java.lang.Object java.lang.invoke.DirectMethodHandle$Holder.invokeSpecial(java.lang.Object, java.lang.Object, java.lang.Object, double)'> (0x0000000088ed0768) 
thrown [t:\workspace\open\src\hotspot\share\interpreter\linkResolver.cpp, line 766]
Event: 49.791 Thread 0x0000020253ed21f0 Exception <a 'sun/nio/fs/WindowsException'{0x0000000088dc5358}> (0x0000000088dc5358) 
thrown [t:\workspace\open\src\hotspot\share\prims\jni.cpp, line 516]
Event: 49.794 Thread 0x0000020253ed21f0 Exception <a 'sun/nio/fs/WindowsException'{0x0000000088dc61e0}> (0x0000000088dc61e0) 
thrown [t:\workspace\open\src\hotspot\share\prims\jni.cpp, line 516]
Event: 50.354 Thread 0x0000020253ed21f0 Exception <a 'sun/nio/fs/WindowsException'{0x0000000088c7dee0}> (0x0000000088c7dee0) 
thrown [t:\workspace\open\src\hotspot\share\prims\jni.cpp, line 516]
Event: 50.354 Thread 0x0000020253ed21f0 Exception <a 'sun/nio/fs/WindowsException'{0x0000000088c7e1d0}> (0x0000000088c7e1d0) 
thrown [t:\workspace\open\src\hotspot\share\prims\jni.cpp, line 516]
Event: 51.797 Thread 0x0000020253ed21f0 Exception <a 'java/lang/ClassNotFoundException'{0x0000000088bd1128}: java/lang/StringEditor> (0x0000000088bd1128) 
thrown [t:\workspace\open\src\hotspot\share\classfile\systemDictionary.cpp, line 256]
Event: 51.797 Thread 0x0000020253ed21f0 Exception <a 'java/lang/ClassNotFoundException'{0x0000000088bd2648}: java/lang/StringEditor> (0x0000000088bd2648) 
thrown [t:\workspace\open\src\hotspot\share\classfile\systemDictionary.cpp, line 256]
Event: 57.147 Thread 0x0000020253ed21f0 Exception <a 'sun/nio/fs/WindowsException'{0x0000000088bfd098}> (0x0000000088bfd098) 
thrown [t:\workspace\open\src\hotspot\share\prims\jni.cpp, line 516]
Event: 57.572 Thread 0x0000020253ed21f0 Exception <a 'sun/nio/fs/WindowsException'{0x0000000088a1eda8}> (0x0000000088a1eda8) 
thrown [t:\workspace\open\src\hotspot\share\prims\jni.cpp, line 516]
Event: 57.583 Thread 0x0000020253ed21f0 Exception <a 'sun/nio/fs/WindowsException'{0x0000000088a1fb98}> (0x0000000088a1fb98) 
thrown [t:\workspace\open\src\hotspot\share\prims\jni.cpp, line 516]
Event: 57.599 Thread 0x0000020253ed21f0 Exception <a 'java/lang/ClassNotFoundException'{0x0000000088a28b68}: java/lang/StringEditor> (0x0000000088a28b68) 
thrown [t:\workspace\open\src\hotspot\share\classfile\systemDictionary.cpp, line 256]
Event: 57.645 Thread 0x0000020253ed21f0 Exception <a 'java/lang/ClassNotFoundException'{0x0000000088a2c2a8}: java/lang/StringEditor> (0x0000000088a2c2a8) 
thrown [t:\workspace\open\src\hotspot\share\classfile\systemDictionary.cpp, line 256]
Event: 71.949 Thread 0x0000020253ed21f0 Exception <a 'sun/nio/fs/WindowsException'{0x00000000887945b8}> (0x00000000887945b8) 
thrown [t:\workspace\open\src\hotspot\share\prims\jni.cpp, line 516]
Event: 72.027 Thread 0x0000020253ed21f0 Exception <a 'sun/nio/fs/WindowsException'{0x0000000088795398}> (0x0000000088795398) 
thrown [t:\workspace\open\src\hotspot\share\prims\jni.cpp, line 516]
Event: 80.384 Thread 0x0000020253ed21f0 Exception <a 'java/lang/reflect/InvocationTargetException'{0x00000000887da418}> (0x00000000887da418) 
thrown [t:\workspace\open\src\hotspot\share\runtime\reflection.cpp, line 1121]
Event: 80.458 Thread 0x0000020253ed21f0 Exception <a 'java/lang/reflect/InvocationTargetException'{0x00000000881bbd60}> (0x00000000881bbd60) 
thrown [t:\workspace\open\src\hotspot\share\runtime\reflection.cpp, line 1121]

VM Operations (20 events):
Event: 50.898 Executing VM operation: Cleanup
Event: 50.898 Executing VM operation: Cleanup done
Event: 51.912 Executing VM operation: Cleanup
Event: 51.912 Executing VM operation: Cleanup done
Event: 57.972 Executing VM operation: Cleanup
Event: 57.972 Executing VM operation: Cleanup done
Event: 59.994 Executing VM operation: Cleanup
Event: 59.994 Executing VM operation: Cleanup done
Event: 64.028 Executing VM operation: Cleanup
Event: 64.028 Executing VM operation: Cleanup done
Event: 65.039 Executing VM operation: Cleanup
Event: 65.039 Executing VM operation: Cleanup done
Event: 66.051 Executing VM operation: Cleanup
Event: 66.051 Executing VM operation: Cleanup done
Event: 71.087 Executing VM operation: Cleanup
Event: 71.087 Executing VM operation: Cleanup done
Event: 73.098 Executing VM operation: Cleanup
Event: 73.099 Executing VM operation: Cleanup done
Event: 79.150 Executing VM operation: Cleanup
Event: 79.150 Executing VM operation: Cleanup done

Events (20 events):
Event: 57.644 loading class java/lang/StringEditor
Event: 57.644 loading class java/lang/StringEditor done
Event: 57.645 loading class java/lang/StringEditor
Event: 57.645 loading class java/lang/StringEditor done
Event: 61.214 Thread 0x0000020273370f60 Thread exited: 0x0000020273370f60
Event: 80.403 loading class java/lang/StackTraceElement$HashedModules
Event: 80.405 loading class java/lang/StackTraceElement$HashedModules done
Event: 80.409 loading class java/lang/Throwable$WrappedPrintWriter
Event: 80.411 loading class java/lang/Throwable$PrintStreamOrWriter
Event: 80.411 loading class java/lang/Throwable$PrintStreamOrWriter done
Event: 80.411 loading class java/lang/Throwable$WrappedPrintWriter done
Event: 80.429 Thread 0x0000020272a8a4f0 Thread added: 0x0000020272a8a4f0
Event: 80.502 loading class sun/util/locale/provider/TimeZoneNameUtility
Event: 80.506 loading class sun/util/locale/provider/TimeZoneNameUtility done
Event: 80.506 loading class sun/util/locale/provider/TimeZoneNameUtility$TimeZoneNameGetter
Event: 80.507 loading class sun/util/locale/provider/TimeZoneNameUtility$TimeZoneNameGetter done
Event: 80.509 loading class sun/util/cldr/CLDRTimeZoneNameProviderImpl
Event: 80.510 loading class sun/util/locale/provider/TimeZoneNameProviderImpl
Event: 80.511 loading class sun/util/locale/provider/TimeZoneNameProviderImpl done
Event: 80.511 loading class sun/util/cldr/CLDRTimeZoneNameProviderImpl done


Dynamic libraries:
0x00007ff7bb8c0000 - 0x00007ff7bb8ce000 	C:\Users\Daniel A\Downloads\openjdk-17.0.1_windows-x64_bin\jdk-17.0.1\bin\java.exe
0x00007ffa49630000 - 0x00007ffa49847000 	C:\WINDOWS\SYSTEM32\ntdll.dll
0x00007ffa48400000 - 0x00007ffa484c4000 	C:\WINDOWS\System32\KERNEL32.DLL
0x00007ffa46fb0000 - 0x00007ffa4735d000 	C:\WINDOWS\System32\KERNELBASE.dll
0x00007ffa46c80000 - 0x00007ffa46d91000 	C:\WINDOWS\System32\ucrtbase.dll
0x00007ffa27790000 - 0x00007ffa277aa000 	C:\Users\Daniel A\Downloads\openjdk-17.0.1_windows-x64_bin\jdk-17.0.1\bin\VCRUNTIME140.dll
0x00007ffa27770000 - 0x00007ffa27788000 	C:\Users\Daniel A\Downloads\openjdk-17.0.1_windows-x64_bin\jdk-17.0.1\bin\jli.dll
0x00007ffa484d0000 - 0x00007ffa4867e000 	C:\WINDOWS\System32\USER32.dll
0x00007ffa2bdb0000 - 0x00007ffa2c043000 	C:\WINDOWS\WinSxS\amd64_microsoft.windows.common-controls_6595b64144ccf1df_6.0.22621.3672_none_2713b9d173822955\COMCTL32.dll
0x00007ffa46f80000 - 0x00007ffa46fa6000 	C:\WINDOWS\System32\win32u.dll
0x00007ffa473d0000 - 0x00007ffa47477000 	C:\WINDOWS\System32\msvcrt.dll
0x00007ffa48680000 - 0x00007ffa486a9000 	C:\WINDOWS\System32\GDI32.dll
0x00007ffa46da0000 - 0x00007ffa46eb9000 	C:\WINDOWS\System32\gdi32full.dll
0x00007ffa46950000 - 0x00007ffa469ea000 	C:\WINDOWS\System32\msvcp_win.dll
0x00007ffa49220000 - 0x00007ffa49251000 	C:\WINDOWS\System32\IMM32.DLL
0x00007ffa277d0000 - 0x00007ffa277dc000 	C:\Users\Daniel A\Downloads\openjdk-17.0.1_windows-x64_bin\jdk-17.0.1\bin\vcruntime140_1.dll
0x00007ffa26a30000 - 0x00007ffa26abd000 	C:\Users\Daniel A\Downloads\openjdk-17.0.1_windows-x64_bin\jdk-17.0.1\bin\msvcp140.dll
0x00007ff9b8be0000 - 0x00007ff9b979e000 	C:\Users\Daniel A\Downloads\openjdk-17.0.1_windows-x64_bin\jdk-17.0.1\bin\server\jvm.dll
0x00007ffa47790000 - 0x00007ffa47842000 	C:\WINDOWS\System32\ADVAPI32.dll
0x00007ffa47930000 - 0x00007ffa479d9000 	C:\WINDOWS\System32\sechost.dll
0x00007ffa46c50000 - 0x00007ffa46c78000 	C:\WINDOWS\System32\bcrypt.dll
0x00007ffa47a70000 - 0x00007ffa47b84000 	C:\WINDOWS\System32\RPCRT4.dll
0x00007ffa486b0000 - 0x00007ffa486b8000 	C:\WINDOWS\System32\PSAPI.DLL
0x00007ffa29910000 - 0x00007ffa29919000 	C:\WINDOWS\SYSTEM32\WSOCK32.dll
0x00007ffa417d0000 - 0x00007ffa41804000 	C:\WINDOWS\SYSTEM32\WINMM.dll
0x00007ffa48fb0000 - 0x00007ffa49021000 	C:\WINDOWS\System32\WS2_32.dll
0x00007ffa3e070000 - 0x00007ffa3e07a000 	C:\WINDOWS\SYSTEM32\VERSION.dll
0x00007ffa45940000 - 0x00007ffa45958000 	C:\WINDOWS\SYSTEM32\kernel.appcore.dll
0x00007ffa272a0000 - 0x00007ffa272aa000 	C:\Users\Daniel A\Downloads\openjdk-17.0.1_windows-x64_bin\jdk-17.0.1\bin\jimage.dll
0x00007ffa3e740000 - 0x00007ffa3e972000 	C:\WINDOWS\SYSTEM32\DBGHELP.DLL
0x00007ffa49260000 - 0x00007ffa495ed000 	C:\WINDOWS\System32\combase.dll
0x00007ffa49090000 - 0x00007ffa49167000 	C:\WINDOWS\System32\OLEAUT32.dll
0x00007ffa3e700000 - 0x00007ffa3e732000 	C:\WINDOWS\SYSTEM32\dbgcore.DLL
0x00007ffa46bd0000 - 0x00007ffa46c4b000 	C:\WINDOWS\System32\bcryptPrimitives.dll
0x00007ffa27160000 - 0x00007ffa27185000 	C:\Users\Daniel A\Downloads\openjdk-17.0.1_windows-x64_bin\jdk-17.0.1\bin\java.dll
0x00007ffa227f0000 - 0x00007ffa228c6000 	C:\Users\Daniel A\Downloads\openjdk-17.0.1_windows-x64_bin\jdk-17.0.1\bin\svml.dll
0x00007ffa47b90000 - 0x00007ffa483f8000 	C:\WINDOWS\System32\SHELL32.dll
0x00007ffa44850000 - 0x00007ffa4514e000 	C:\WINDOWS\SYSTEM32\windows.storage.dll
0x00007ffa44710000 - 0x00007ffa4484f000 	C:\WINDOWS\SYSTEM32\wintypes.dll
0x00007ffa48b90000 - 0x00007ffa48c89000 	C:\WINDOWS\System32\SHCORE.dll
0x00007ffa47360000 - 0x00007ffa473be000 	C:\WINDOWS\System32\shlwapi.dll
0x00007ffa46880000 - 0x00007ffa468a1000 	C:\WINDOWS\SYSTEM32\profapi.dll
0x00007ffa270c0000 - 0x00007ffa270d9000 	C:\Users\Daniel A\Downloads\openjdk-17.0.1_windows-x64_bin\jdk-17.0.1\bin\net.dll
0x00007ffa423c0000 - 0x00007ffa424f6000 	C:\WINDOWS\SYSTEM32\WINHTTP.dll
0x00007ffa45dd0000 - 0x00007ffa45e39000 	C:\WINDOWS\system32\mswsock.dll
0x00007ffa270a0000 - 0x00007ffa270b5000 	C:\Users\Daniel A\Downloads\openjdk-17.0.1_windows-x64_bin\jdk-17.0.1\bin\nio.dll
0x00007ffa26a10000 - 0x00007ffa26a28000 	C:\Users\Daniel A\Downloads\openjdk-17.0.1_windows-x64_bin\jdk-17.0.1\bin\zip.dll
0x00007ffa269f0000 - 0x00007ffa269f9000 	C:\Users\Daniel A\Downloads\openjdk-17.0.1_windows-x64_bin\jdk-17.0.1\bin\management.dll
0x00007ffa26850000 - 0x00007ffa2685b000 	C:\Users\Daniel A\Downloads\openjdk-17.0.1_windows-x64_bin\jdk-17.0.1\bin\management_ext.dll
0x00007ffa26a00000 - 0x00007ffa26a10000 	C:\Users\Daniel A\Downloads\openjdk-17.0.1_windows-x64_bin\jdk-17.0.1\bin\verify.dll
0x00007ffa46050000 - 0x00007ffa4606b000 	C:\WINDOWS\SYSTEM32\CRYPTSP.dll
0x00007ffa458a0000 - 0x00007ffa458d5000 	C:\WINDOWS\system32\rsaenh.dll
0x00007ffa45ed0000 - 0x00007ffa45ef8000 	C:\WINDOWS\SYSTEM32\USERENV.dll
0x00007ffa46070000 - 0x00007ffa4607c000 	C:\WINDOWS\SYSTEM32\CRYPTBASE.dll
0x00007ffa453f0000 - 0x00007ffa4541d000 	C:\WINDOWS\SYSTEM32\IPHLPAPI.DLL
0x00007ffa49030000 - 0x00007ffa49039000 	C:\WINDOWS\System32\NSI.dll
0x00007ffa425c0000 - 0x00007ffa425d9000 	C:\WINDOWS\SYSTEM32\dhcpcsvc6.DLL
0x00007ffa42000000 - 0x00007ffa4201f000 	C:\WINDOWS\SYSTEM32\dhcpcsvc.DLL
0x00007ffa45420000 - 0x00007ffa45518000 	C:\WINDOWS\SYSTEM32\DNSAPI.dll
0x00007ffa3d860000 - 0x00007ffa3d877000 	C:\WINDOWS\system32\napinsp.dll
0x00007ffa30480000 - 0x00007ffa3049b000 	C:\WINDOWS\system32\pnrpnsp.dll
0x00007ffa30460000 - 0x00007ffa30471000 	C:\WINDOWS\System32\winrnr.dll
0x00007ffa328b0000 - 0x00007ffa328c5000 	C:\WINDOWS\system32\wshbth.dll
0x00007ff9ebd40000 - 0x00007ff9ebd67000 	C:\WINDOWS\system32\nlansp_c.dll
0x00007ffa35710000 - 0x00007ffa3571a000 	C:\Windows\System32\rasadhlp.dll
0x00007ffa41090000 - 0x00007ffa41113000 	C:\WINDOWS\System32\fwpuclnt.dll
0x00007ffa40db0000 - 0x00007ffa40e47000 	C:\WINDOWS\system32\apphelp.dll
0x00007ffa45960000 - 0x00007ffa45994000 	C:\WINDOWS\SYSTEM32\ntmarta.dll

dbghelp: loaded successfully - version: 4.0.5 - missing functions: none
symbol engine: initialized successfully - sym options: 0x614 - pdb path: .;C:\Users\Daniel A\Downloads\openjdk-17.0.1_windows-x64_bin\jdk-17.0.1\bin;C:\WINDOWS\SYSTEM32;C:\WINDOWS\WinSxS\amd64_microsoft.windows.common-controls_6595b64144ccf1df_6.0.22621.3672_none_2713b9d173822955;C:\Users\Daniel A\Downloads\openjdk-17.0.1_windows-x64_bin\jdk-17.0.1\bin\server

VM Arguments:
java_command: C:\Users\Daniel A\AppData\Local\Temp\surefire286489446578421728\surefirebooter-20240828161223739_3.jar C:\Users\Daniel A\AppData\Local\Temp\surefire286489446578421728 2024-08-28T16-12-23_486-jvmRun1 surefire-20240828161223739_1tmp surefire_0-20240828161223739_2tmp
java_class_path (initial): C:\Users\Daniel A\AppData\Local\Temp\surefire286489446578421728\surefirebooter-20240828161223739_3.jar
Launcher Type: SUN_STANDARD

[Global flags]
     intx CICompilerCount                          = 4                                         {product} {ergonomic}
     uint ConcGCThreads                            = 2                                         {product} {ergonomic}
     uint G1ConcRefinementThreads                  = 8                                         {product} {ergonomic}
   size_t G1HeapRegionSize                         = 1048576                                   {product} {ergonomic}
    uintx GCDrainStackTargetSize                   = 64                                        {product} {ergonomic}
   size_t InitialHeapSize                          = 132120576                                 {product} {ergonomic}
   size_t MarkStackSize                            = 4194304                                   {product} {ergonomic}
   size_t MaxHeapSize                              = 2105540608                                {product} {ergonomic}
   size_t MaxNewSize                               = 1262485504                                {product} {ergonomic}
   size_t MinHeapDeltaBytes                        = 1048576                                   {product} {ergonomic}
   size_t MinHeapSize                              = 8388608                                   {product} {ergonomic}
    uintx NonNMethodCodeHeapSize                   = 5839372                                {pd product} {ergonomic}
    uintx NonProfiledCodeHeapSize                  = 122909434                              {pd product} {ergonomic}
    uintx ProfiledCodeHeapSize                     = 122909434                              {pd product} {ergonomic}
    uintx ReservedCodeCacheSize                    = 251658240                              {pd product} {ergonomic}
     bool SegmentedCodeCache                       = true                                      {product} {ergonomic}
   size_t SoftMaxHeapSize                          = 2105540608                             {manageable} {ergonomic}
     bool UseCompressedClassPointers               = true                           {product lp64_product} {ergonomic}
     bool UseCompressedOops                        = true                           {product lp64_product} {ergonomic}
     bool UseG1GC                                  = true                                      {product} {ergonomic}
     bool UseLargePagesIndividualAllocation        = false                                  {pd product} {ergonomic}

Logging:
Log output configuration:
 #0: stdout all=warning uptime,level,tags
 #1: stderr all=off uptime,level,tags

Environment Variables:
JAVA_HOME=C:\Users\Daniel A\Downloads\openjdk-17.0.1_windows-x64_bin\jdk-17.0.1
PATH=C:\Program Files\Common Files\Oracle\Java\javapath;C:\Program Files (x86)\Common Files\Oracle\Java\javapath;C:\WINDOWS\system32;C:\WINDOWS;C:\WINDOWS\System32\Wbem;C:\WINDOWS\System32\WindowsPowerShell\v1.0\;C:\WINDOWS\System32\OpenSSH\;C:\Users\Daniel A\Documents\apache-maven-3.8.5-bin\apache-maven-3.8.5\bin;C:\Users\Daniel A\Downloads\openjdk-17.0.1_windows-x64_bin\jdk-17.0.1\bin;C:\Program Files\Git\cmd;C:\Program Files\nodejs\;;C:\Program Files\Docker\Docker\resources\bin;C:\Users\Daniel A\AppData\Local\Microsoft\WindowsApps;C:\Users\Daniel A\AppData\Local\Programs\Microsoft VS Code\bin;C:\Users\Daniel A\Downloads\flatterSDK\flutter\bin;C:\Users\Daniel A\AppData\Roaming\npm;C:\Program Files\JetBrains\IntelliJ IDEA Community Edition 2023.2.4\bin
USERNAME=Daniel A
OS=Windows_NT
PROCESSOR_IDENTIFIER=Intel64 Family 6 Model 142 Stepping 12, GenuineIntel



---------------  S Y S T E M  ---------------

OS:
 Windows 10 , 64 bit Build 22621 (10.0.22621.3958)
OS uptime: 9 days 8:38 hours
Hyper-V role detected

CPU: total 8 (initial active 8) (4 cores per cpu, 2 threads per core) family 6 model 142 stepping 12 microcode 0xea, cx8, cmov, fxsr, ht, mmx, 3dnowpref, sse, sse2, sse3, ssse3, sse4.1, sse4.2, popcnt, lzcnt, tsc, tscinvbit, avx, avx2, aes, erms, clmul, bmi1, bmi2, adx, fma, vzeroupper, clflush, clflushopt, hv

Memory: 4k page, system-wide physical 8025M (1233M free)
TotalPageFile size 32601M (AvailPageFile size 1M)
current process WorkingSet (physical memory assigned to process): 67M, peak: 115M
current process commit charge ("private bytes"): 248M, peak: 249M

vm_info: OpenJDK 64-Bit Server VM (17.0.1+12-39) for windows-amd64 JRE (17.0.1+12-39), built on Sep 27 2021 18:39:29 by "mach5one" with MS VC++ 16.8 (VS2019)

END.
